2012-12-24 00:13:45,281  WARN [Worker-15] - EclipseSbtBuildManager - Error reading API from class file : java.lang.ClassNotFoundException: controllers.routes$ref
2012-12-24 00:13:45,293  WARN [Worker-15] - EclipseSbtBuildManager - Error reading API from class file : java.lang.ClassNotFoundException: controllers.routes$javascript
2012-12-24 00:13:45,294  WARN [Worker-15] - EclipseSbtBuildManager - Error reading API from class file : java.lang.ClassNotFoundException: controllers.routes
2012-12-24 00:41:08,806  WARN [ModalContext] - ImplicitHighlightingPresenter - Timeout while waiting for `askLoadedTyped` during implicit highlighting.
2012-12-24 01:32:10,550 ERROR [main] - org.scala-ide.sdt.core - org.scala-ide.sdt.core - org.scala-ide.sdt.core - 0 - Error during askOption
scala.tools.nsc.interactive.MissingResponse: response missing
	at scala.tools.nsc.interactive.CompilerControl$AskTypeItem.raiseMissing(CompilerControl.scala:337)
	at scala.tools.nsc.interactive.CompilerControl$NoWorkScheduler.postWorkItem(CompilerControl.scala:406)
	at scala.tools.nsc.interactive.CompilerControl$class.postWorkItem(CompilerControl.scala:109)
	at scala.tools.nsc.interactive.CompilerControl$class.askType(CompilerControl.scala:142)
	at scala.tools.nsc.interactive.Global.askType(Global.scala:27)
	at scala.tools.eclipse.ScalaPresentationCompiler.body(ScalaPresentationCompiler.scala:104)
	at scala.tools.eclipse.markoccurrences.ScalaOccurrencesFinder$$anonfun$findOccurrences$1$$anonfun$apply$1$$anonfun$1$$anon$1.index(ScalaOccurrencesFinder.scala:34)
	at scala.tools.refactoring.implementations.MarkOccurrences.occurrencesForSymbol$1(MarkOccurrences.scala:23)
	at scala.tools.refactoring.implementations.MarkOccurrences$$anonfun$2.apply(MarkOccurrences.scala:66)
	at scala.tools.refactoring.implementations.MarkOccurrences$$anonfun$2.apply(MarkOccurrences.scala:32)
	at scala.collection.TraversableLike$$anonfun$flatMap$1.apply(TraversableLike.scala:239)
	at scala.collection.TraversableLike$$anonfun$flatMap$1.apply(TraversableLike.scala:239)
	at scala.collection.LinearSeqOptimized$class.foreach(LinearSeqOptimized.scala:59)
	at scala.collection.immutable.List.foreach(List.scala:76)
	at scala.collection.TraversableLike$class.flatMap(TraversableLike.scala:239)
	at scala.collection.immutable.List.flatMap(List.scala:76)
	at scala.tools.refactoring.implementations.MarkOccurrences.occurrencesOf(MarkOccurrences.scala:32)
	at scala.tools.eclipse.markoccurrences.ScalaOccurrencesFinder$$anonfun$findOccurrences$1$$anonfun$apply$1.apply(ScalaOccurrencesFinder.scala:43)
	at scala.tools.eclipse.markoccurrences.ScalaOccurrencesFinder$$anonfun$findOccurrences$1$$anonfun$apply$1.apply(ScalaOccurrencesFinder.scala:29)
	at scala.tools.nsc.util.InterruptReq.liftedTree1$1(InterruptReq.scala:26)
	at scala.tools.nsc.util.InterruptReq.execute(InterruptReq.scala:25)
	at scala.tools.nsc.interactive.Global.pollForWork(Global.scala:331)
	at scala.tools.nsc.interactive.PresentationCompilerThread.run(PresentationCompilerThread.scala:22)
2012-12-24 01:32:21,137 ERROR [main] - org.scala-ide.sdt.core - org.scala-ide.sdt.core - org.scala-ide.sdt.core - 0 - Error during askOption
scala.tools.nsc.interactive.MissingResponse: response missing
	at scala.tools.nsc.interactive.CompilerControl$AskTypeItem.raiseMissing(CompilerControl.scala:337)
	at scala.tools.nsc.interactive.CompilerControl$NoWorkScheduler.postWorkItem(CompilerControl.scala:406)
	at scala.tools.nsc.interactive.CompilerControl$class.postWorkItem(CompilerControl.scala:109)
	at scala.tools.nsc.interactive.CompilerControl$class.askType(CompilerControl.scala:142)
	at scala.tools.nsc.interactive.Global.askType(Global.scala:27)
	at scala.tools.eclipse.ScalaPresentationCompiler.body(ScalaPresentationCompiler.scala:104)
	at scala.tools.eclipse.markoccurrences.ScalaOccurrencesFinder$$anonfun$findOccurrences$1$$anonfun$apply$1$$anonfun$1$$anon$1.index(ScalaOccurrencesFinder.scala:34)
	at scala.tools.refactoring.implementations.MarkOccurrences.occurrencesForSymbol$1(MarkOccurrences.scala:23)
	at scala.tools.refactoring.implementations.MarkOccurrences$$anonfun$2.apply(MarkOccurrences.scala:66)
	at scala.tools.refactoring.implementations.MarkOccurrences$$anonfun$2.apply(MarkOccurrences.scala:32)
	at scala.collection.TraversableLike$$anonfun$flatMap$1.apply(TraversableLike.scala:239)
	at scala.collection.TraversableLike$$anonfun$flatMap$1.apply(TraversableLike.scala:239)
	at scala.collection.LinearSeqOptimized$class.foreach(LinearSeqOptimized.scala:59)
	at scala.collection.immutable.List.foreach(List.scala:76)
	at scala.collection.TraversableLike$class.flatMap(TraversableLike.scala:239)
	at scala.collection.immutable.List.flatMap(List.scala:76)
	at scala.tools.refactoring.implementations.MarkOccurrences.occurrencesOf(MarkOccurrences.scala:32)
	at scala.tools.eclipse.markoccurrences.ScalaOccurrencesFinder$$anonfun$findOccurrences$1$$anonfun$apply$1.apply(ScalaOccurrencesFinder.scala:43)
	at scala.tools.eclipse.markoccurrences.ScalaOccurrencesFinder$$anonfun$findOccurrences$1$$anonfun$apply$1.apply(ScalaOccurrencesFinder.scala:29)
	at scala.tools.nsc.util.InterruptReq.liftedTree1$1(InterruptReq.scala:26)
	at scala.tools.nsc.util.InterruptReq.execute(InterruptReq.scala:25)
	at scala.tools.nsc.interactive.Global.pollForWork(Global.scala:331)
	at scala.tools.nsc.interactive.PresentationCompilerThread.run(PresentationCompilerThread.scala:22)
2012-12-24 01:32:29,079 ERROR [main] - org.scala-ide.sdt.core - org.scala-ide.sdt.core - org.scala-ide.sdt.core - 0 - Error during askOption
scala.tools.nsc.interactive.MissingResponse: response missing
	at scala.tools.nsc.interactive.CompilerControl$AskTypeItem.raiseMissing(CompilerControl.scala:337)
	at scala.tools.nsc.interactive.CompilerControl$NoWorkScheduler.postWorkItem(CompilerControl.scala:406)
	at scala.tools.nsc.interactive.CompilerControl$class.postWorkItem(CompilerControl.scala:109)
	at scala.tools.nsc.interactive.CompilerControl$class.askType(CompilerControl.scala:142)
	at scala.tools.nsc.interactive.Global.askType(Global.scala:27)
	at scala.tools.eclipse.ScalaPresentationCompiler.body(ScalaPresentationCompiler.scala:104)
	at scala.tools.eclipse.markoccurrences.ScalaOccurrencesFinder$$anonfun$findOccurrences$1$$anonfun$apply$1$$anonfun$1$$anon$1.index(ScalaOccurrencesFinder.scala:34)
	at scala.tools.refactoring.implementations.MarkOccurrences.occurrencesForSymbol$1(MarkOccurrences.scala:23)
	at scala.tools.refactoring.implementations.MarkOccurrences$$anonfun$2.apply(MarkOccurrences.scala:66)
	at scala.tools.refactoring.implementations.MarkOccurrences$$anonfun$2.apply(MarkOccurrences.scala:32)
	at scala.collection.TraversableLike$$anonfun$flatMap$1.apply(TraversableLike.scala:239)
	at scala.collection.TraversableLike$$anonfun$flatMap$1.apply(TraversableLike.scala:239)
	at scala.collection.LinearSeqOptimized$class.foreach(LinearSeqOptimized.scala:59)
	at scala.collection.immutable.List.foreach(List.scala:76)
	at scala.collection.TraversableLike$class.flatMap(TraversableLike.scala:239)
	at scala.collection.immutable.List.flatMap(List.scala:76)
	at scala.tools.refactoring.implementations.MarkOccurrences.occurrencesOf(MarkOccurrences.scala:32)
	at scala.tools.eclipse.markoccurrences.ScalaOccurrencesFinder$$anonfun$findOccurrences$1$$anonfun$apply$1.apply(ScalaOccurrencesFinder.scala:43)
	at scala.tools.eclipse.markoccurrences.ScalaOccurrencesFinder$$anonfun$findOccurrences$1$$anonfun$apply$1.apply(ScalaOccurrencesFinder.scala:29)
	at scala.tools.nsc.util.InterruptReq.liftedTree1$1(InterruptReq.scala:26)
	at scala.tools.nsc.util.InterruptReq.execute(InterruptReq.scala:25)
	at scala.tools.nsc.interactive.Global.pollForWork(Global.scala:331)
	at scala.tools.nsc.interactive.PresentationCompilerThread.run(PresentationCompilerThread.scala:22)
2012-12-24 01:32:30,498 ERROR [main] - org.scala-ide.sdt.core - org.scala-ide.sdt.core - org.scala-ide.sdt.core - 0 - Error during askOption
scala.tools.nsc.interactive.MissingResponse: response missing
	at scala.tools.nsc.interactive.CompilerControl$AskTypeItem.raiseMissing(CompilerControl.scala:337)
	at scala.tools.nsc.interactive.CompilerControl$NoWorkScheduler.postWorkItem(CompilerControl.scala:406)
	at scala.tools.nsc.interactive.CompilerControl$class.postWorkItem(CompilerControl.scala:109)
	at scala.tools.nsc.interactive.CompilerControl$class.askType(CompilerControl.scala:142)
	at scala.tools.nsc.interactive.Global.askType(Global.scala:27)
	at scala.tools.eclipse.ScalaPresentationCompiler.body(ScalaPresentationCompiler.scala:104)
	at scala.tools.eclipse.markoccurrences.ScalaOccurrencesFinder$$anonfun$findOccurrences$1$$anonfun$apply$1$$anonfun$1$$anon$1.index(ScalaOccurrencesFinder.scala:34)
	at scala.tools.refactoring.implementations.MarkOccurrences.occurrencesForSymbol$1(MarkOccurrences.scala:23)
	at scala.tools.refactoring.implementations.MarkOccurrences$$anonfun$2.apply(MarkOccurrences.scala:66)
	at scala.tools.refactoring.implementations.MarkOccurrences$$anonfun$2.apply(MarkOccurrences.scala:32)
	at scala.collection.TraversableLike$$anonfun$flatMap$1.apply(TraversableLike.scala:239)
	at scala.collection.TraversableLike$$anonfun$flatMap$1.apply(TraversableLike.scala:239)
	at scala.collection.LinearSeqOptimized$class.foreach(LinearSeqOptimized.scala:59)
	at scala.collection.immutable.List.foreach(List.scala:76)
	at scala.collection.TraversableLike$class.flatMap(TraversableLike.scala:239)
	at scala.collection.immutable.List.flatMap(List.scala:76)
	at scala.tools.refactoring.implementations.MarkOccurrences.occurrencesOf(MarkOccurrences.scala:32)
	at scala.tools.eclipse.markoccurrences.ScalaOccurrencesFinder$$anonfun$findOccurrences$1$$anonfun$apply$1.apply(ScalaOccurrencesFinder.scala:43)
	at scala.tools.eclipse.markoccurrences.ScalaOccurrencesFinder$$anonfun$findOccurrences$1$$anonfun$apply$1.apply(ScalaOccurrencesFinder.scala:29)
	at scala.tools.nsc.util.InterruptReq.liftedTree1$1(InterruptReq.scala:26)
	at scala.tools.nsc.util.InterruptReq.execute(InterruptReq.scala:25)
	at scala.tools.nsc.interactive.Global.pollForWork(Global.scala:331)
	at scala.tools.nsc.interactive.PresentationCompilerThread.run(PresentationCompilerThread.scala:22)
2012-12-24 01:32:33,417 ERROR [main] - org.scala-ide.sdt.core - org.scala-ide.sdt.core - org.scala-ide.sdt.core - 0 - Error during askOption
scala.tools.nsc.interactive.MissingResponse: response missing
	at scala.tools.nsc.interactive.CompilerControl$AskTypeItem.raiseMissing(CompilerControl.scala:337)
	at scala.tools.nsc.interactive.CompilerControl$NoWorkScheduler.postWorkItem(CompilerControl.scala:406)
	at scala.tools.nsc.interactive.CompilerControl$class.postWorkItem(CompilerControl.scala:109)
	at scala.tools.nsc.interactive.CompilerControl$class.askType(CompilerControl.scala:142)
	at scala.tools.nsc.interactive.Global.askType(Global.scala:27)
	at scala.tools.eclipse.ScalaPresentationCompiler.body(ScalaPresentationCompiler.scala:104)
	at scala.tools.eclipse.markoccurrences.ScalaOccurrencesFinder$$anonfun$findOccurrences$1$$anonfun$apply$1$$anonfun$1$$anon$1.index(ScalaOccurrencesFinder.scala:34)
	at scala.tools.refactoring.implementations.MarkOccurrences.occurrencesForSymbol$1(MarkOccurrences.scala:23)
	at scala.tools.refactoring.implementations.MarkOccurrences$$anonfun$2.apply(MarkOccurrences.scala:66)
	at scala.tools.refactoring.implementations.MarkOccurrences$$anonfun$2.apply(MarkOccurrences.scala:32)
	at scala.collection.TraversableLike$$anonfun$flatMap$1.apply(TraversableLike.scala:239)
	at scala.collection.TraversableLike$$anonfun$flatMap$1.apply(TraversableLike.scala:239)
	at scala.collection.LinearSeqOptimized$class.foreach(LinearSeqOptimized.scala:59)
	at scala.collection.immutable.List.foreach(List.scala:76)
	at scala.collection.TraversableLike$class.flatMap(TraversableLike.scala:239)
	at scala.collection.immutable.List.flatMap(List.scala:76)
	at scala.tools.refactoring.implementations.MarkOccurrences.occurrencesOf(MarkOccurrences.scala:32)
	at scala.tools.eclipse.markoccurrences.ScalaOccurrencesFinder$$anonfun$findOccurrences$1$$anonfun$apply$1.apply(ScalaOccurrencesFinder.scala:43)
	at scala.tools.eclipse.markoccurrences.ScalaOccurrencesFinder$$anonfun$findOccurrences$1$$anonfun$apply$1.apply(ScalaOccurrencesFinder.scala:29)
	at scala.tools.nsc.util.InterruptReq.liftedTree1$1(InterruptReq.scala:26)
	at scala.tools.nsc.util.InterruptReq.execute(InterruptReq.scala:25)
	at scala.tools.nsc.interactive.Global.pollForWork(Global.scala:331)
	at scala.tools.nsc.interactive.PresentationCompilerThread.run(PresentationCompilerThread.scala:22)
2012-12-24 01:32:34,938 ERROR [main] - org.scala-ide.sdt.core - org.scala-ide.sdt.core - org.scala-ide.sdt.core - 0 - Error during askOption
scala.tools.nsc.interactive.MissingResponse: response missing
	at scala.tools.nsc.interactive.CompilerControl$AskTypeItem.raiseMissing(CompilerControl.scala:337)
	at scala.tools.nsc.interactive.CompilerControl$NoWorkScheduler.postWorkItem(CompilerControl.scala:406)
	at scala.tools.nsc.interactive.CompilerControl$class.postWorkItem(CompilerControl.scala:109)
	at scala.tools.nsc.interactive.CompilerControl$class.askType(CompilerControl.scala:142)
	at scala.tools.nsc.interactive.Global.askType(Global.scala:27)
	at scala.tools.eclipse.ScalaPresentationCompiler.body(ScalaPresentationCompiler.scala:104)
	at scala.tools.eclipse.markoccurrences.ScalaOccurrencesFinder$$anonfun$findOccurrences$1$$anonfun$apply$1$$anonfun$1$$anon$1.index(ScalaOccurrencesFinder.scala:34)
	at scala.tools.refactoring.implementations.MarkOccurrences.occurrencesForSymbol$1(MarkOccurrences.scala:23)
	at scala.tools.refactoring.implementations.MarkOccurrences$$anonfun$2.apply(MarkOccurrences.scala:66)
	at scala.tools.refactoring.implementations.MarkOccurrences$$anonfun$2.apply(MarkOccurrences.scala:32)
	at scala.collection.TraversableLike$$anonfun$flatMap$1.apply(TraversableLike.scala:239)
	at scala.collection.TraversableLike$$anonfun$flatMap$1.apply(TraversableLike.scala:239)
	at scala.collection.LinearSeqOptimized$class.foreach(LinearSeqOptimized.scala:59)
	at scala.collection.immutable.List.foreach(List.scala:76)
	at scala.collection.TraversableLike$class.flatMap(TraversableLike.scala:239)
	at scala.collection.immutable.List.flatMap(List.scala:76)
	at scala.tools.refactoring.implementations.MarkOccurrences.occurrencesOf(MarkOccurrences.scala:32)
	at scala.tools.eclipse.markoccurrences.ScalaOccurrencesFinder$$anonfun$findOccurrences$1$$anonfun$apply$1.apply(ScalaOccurrencesFinder.scala:43)
	at scala.tools.eclipse.markoccurrences.ScalaOccurrencesFinder$$anonfun$findOccurrences$1$$anonfun$apply$1.apply(ScalaOccurrencesFinder.scala:29)
	at scala.tools.nsc.util.InterruptReq.liftedTree1$1(InterruptReq.scala:26)
	at scala.tools.nsc.util.InterruptReq.execute(InterruptReq.scala:25)
	at scala.tools.nsc.interactive.Global.pollForWork(Global.scala:331)
	at scala.tools.nsc.interactive.PresentationCompilerThread.run(PresentationCompilerThread.scala:22)
2012-12-24 01:32:39,421 ERROR [main] - org.scala-ide.sdt.core - org.scala-ide.sdt.core - org.scala-ide.sdt.core - 0 - Error during askOption
scala.tools.nsc.interactive.MissingResponse: response missing
	at scala.tools.nsc.interactive.CompilerControl$AskTypeItem.raiseMissing(CompilerControl.scala:337)
	at scala.tools.nsc.interactive.CompilerControl$NoWorkScheduler.postWorkItem(CompilerControl.scala:406)
	at scala.tools.nsc.interactive.CompilerControl$class.postWorkItem(CompilerControl.scala:109)
	at scala.tools.nsc.interactive.CompilerControl$class.askType(CompilerControl.scala:142)
	at scala.tools.nsc.interactive.Global.askType(Global.scala:27)
	at scala.tools.eclipse.ScalaPresentationCompiler.body(ScalaPresentationCompiler.scala:104)
	at scala.tools.eclipse.markoccurrences.ScalaOccurrencesFinder$$anonfun$findOccurrences$1$$anonfun$apply$1$$anonfun$1$$anon$1.index(ScalaOccurrencesFinder.scala:34)
	at scala.tools.refactoring.implementations.MarkOccurrences.occurrencesForSymbol$1(MarkOccurrences.scala:23)
	at scala.tools.refactoring.implementations.MarkOccurrences$$anonfun$2.apply(MarkOccurrences.scala:66)
	at scala.tools.refactoring.implementations.MarkOccurrences$$anonfun$2.apply(MarkOccurrences.scala:32)
	at scala.collection.TraversableLike$$anonfun$flatMap$1.apply(TraversableLike.scala:239)
	at scala.collection.TraversableLike$$anonfun$flatMap$1.apply(TraversableLike.scala:239)
	at scala.collection.LinearSeqOptimized$class.foreach(LinearSeqOptimized.scala:59)
	at scala.collection.immutable.List.foreach(List.scala:76)
	at scala.collection.TraversableLike$class.flatMap(TraversableLike.scala:239)
	at scala.collection.immutable.List.flatMap(List.scala:76)
	at scala.tools.refactoring.implementations.MarkOccurrences.occurrencesOf(MarkOccurrences.scala:32)
	at scala.tools.eclipse.markoccurrences.ScalaOccurrencesFinder$$anonfun$findOccurrences$1$$anonfun$apply$1.apply(ScalaOccurrencesFinder.scala:43)
	at scala.tools.eclipse.markoccurrences.ScalaOccurrencesFinder$$anonfun$findOccurrences$1$$anonfun$apply$1.apply(ScalaOccurrencesFinder.scala:29)
	at scala.tools.nsc.util.InterruptReq.liftedTree1$1(InterruptReq.scala:26)
	at scala.tools.nsc.util.InterruptReq.execute(InterruptReq.scala:25)
	at scala.tools.nsc.interactive.Global.pollForWork(Global.scala:331)
	at scala.tools.nsc.interactive.PresentationCompilerThread.run(PresentationCompilerThread.scala:22)
2012-12-24 01:32:42,198 ERROR [main] - org.scala-ide.sdt.core - org.scala-ide.sdt.core - org.scala-ide.sdt.core - 0 - Error during askOption
scala.tools.nsc.interactive.MissingResponse: response missing
	at scala.tools.nsc.interactive.CompilerControl$AskTypeItem.raiseMissing(CompilerControl.scala:337)
	at scala.tools.nsc.interactive.CompilerControl$NoWorkScheduler.postWorkItem(CompilerControl.scala:406)
	at scala.tools.nsc.interactive.CompilerControl$class.postWorkItem(CompilerControl.scala:109)
	at scala.tools.nsc.interactive.CompilerControl$class.askType(CompilerControl.scala:142)
	at scala.tools.nsc.interactive.Global.askType(Global.scala:27)
	at scala.tools.eclipse.ScalaPresentationCompiler.body(ScalaPresentationCompiler.scala:104)
	at scala.tools.eclipse.markoccurrences.ScalaOccurrencesFinder$$anonfun$findOccurrences$1$$anonfun$apply$1$$anonfun$1$$anon$1.index(ScalaOccurrencesFinder.scala:34)
	at scala.tools.refactoring.implementations.MarkOccurrences.occurrencesForSymbol$1(MarkOccurrences.scala:23)
	at scala.tools.refactoring.implementations.MarkOccurrences$$anonfun$2.apply(MarkOccurrences.scala:66)
	at scala.tools.refactoring.implementations.MarkOccurrences$$anonfun$2.apply(MarkOccurrences.scala:32)
	at scala.collection.TraversableLike$$anonfun$flatMap$1.apply(TraversableLike.scala:239)
	at scala.collection.TraversableLike$$anonfun$flatMap$1.apply(TraversableLike.scala:239)
	at scala.collection.LinearSeqOptimized$class.foreach(LinearSeqOptimized.scala:59)
	at scala.collection.immutable.List.foreach(List.scala:76)
	at scala.collection.TraversableLike$class.flatMap(TraversableLike.scala:239)
	at scala.collection.immutable.List.flatMap(List.scala:76)
	at scala.tools.refactoring.implementations.MarkOccurrences.occurrencesOf(MarkOccurrences.scala:32)
	at scala.tools.eclipse.markoccurrences.ScalaOccurrencesFinder$$anonfun$findOccurrences$1$$anonfun$apply$1.apply(ScalaOccurrencesFinder.scala:43)
	at scala.tools.eclipse.markoccurrences.ScalaOccurrencesFinder$$anonfun$findOccurrences$1$$anonfun$apply$1.apply(ScalaOccurrencesFinder.scala:29)
	at scala.tools.nsc.util.InterruptReq.liftedTree1$1(InterruptReq.scala:26)
	at scala.tools.nsc.util.InterruptReq.execute(InterruptReq.scala:25)
	at scala.tools.nsc.interactive.Global.pollForWork(Global.scala:331)
	at scala.tools.nsc.interactive.PresentationCompilerThread.run(PresentationCompilerThread.scala:22)
